<?xml version="1.0" encoding="UTF-8"?>
<testng-results ignored="0" total="1" passed="1" failed="0" skipped="0">
  <reporter-output>
  </reporter-output>
  <suite started-at="2026-05-02T12:29:07 IST" name="CucumberSuite" finished-at="2026-05-02T12:29:24 IST" duration-ms="16620">
    <groups>
      <group name="cucumber">
        <method signature="AbstractTestNGCucumberTests.runScenario(io.cucumber.testng.PickleWrapper,io.cucumber.testng.FeatureWrapper)[pri:0, instance:com.runner.TestRunner@2254127a]" name="runScenario" class="io.cucumber.testng.AbstractTestNGCucumberTests"/>
      </group> <!-- cucumber -->
    </groups>
    <test started-at="2026-05-02T12:29:07 IST" name="TestRunner" finished-at="2026-05-02T12:29:24 IST" duration-ms="16620">
      <class name="com.runner.TestRunner">
        <test-method is-config="true" signature="setUpClass(org.testng.ITestContext)[pri:0, instance:com.runner.TestRunner@2254127a]" started-at="2026-05-02T12:29:07 IST" name="setUpClass" finished-at="2026-05-02T12:29:08 IST" duration-ms="661" status="PASS">
          <params>
            <param index="0">
              <value>
                <![CDATA[org.testng.TestRunner@7903d448]]>
              </value>
            </param>
          </params>
          <reporter-output>
          </reporter-output>
        </test-method> <!-- setUpClass -->
        <test-method signature="runScenario(io.cucumber.testng.PickleWrapper,io.cucumber.testng.FeatureWrapper)[pri:0, instance:com.runner.TestRunner@2254127a]" started-at="2026-05-02T12:29:08 IST" name="runScenario" description="Runs Cucumber Scenarios" data-provider="scenarios" finished-at="2026-05-02T12:29:24 IST" duration-ms="15784" status="PASS">
          <params>
            <param index="0">
              <value>
                <![CDATA["Successful Registration and Stamp Revenue login"]]>
              </value>
            </param>
            <param index="1">
              <value>
                <![CDATA["Validate Registration and Stamp Revenue login file"]]>
              </value>
            </param>
          </params>
          <reporter-output>
          </reporter-output>
        </test-method> <!-- runScenario -->
        <test-method is-config="true" signature="tearDownClass()[pri:0, instance:com.runner.TestRunner@2254127a]" started-at="2026-05-02T12:29:24 IST" name="tearDownClass" finished-at="2026-05-02T12:29:24 IST" duration-ms="101" status="PASS">
          <reporter-output>
          </reporter-output>
        </test-method> <!-- tearDownClass -->
      </class> <!-- com.runner.TestRunner -->
    </test> <!-- TestRunner -->
  </suite> <!-- CucumberSuite -->
</testng-results>
